  PID TTY          TIME CMD
    1 ?        00:00:01 systemd
    2 ?        00:00:00 kthreadd
    3 ?        00:00:00 rcu_gp
    4 ?        00:00:00 rcu_par_gp
    6 ?        00:00:00 kworker/0:0H-kb
    8 ?        00:00:00 mm_percpu_wq
    9 ?        00:00:00 ksoftirqd/0
   10 ?        00:00:00 rcu_sched
   11 ?        00:00:00 migration/0
   12 ?        00:00:00 idle_inject/0
   13 ?        00:00:00 kworker/0:1-mm_
   14 ?        00:00:00 cpuhp/0
   15 ?        00:00:00 cpuhp/1
   16 ?        00:00:00 idle_inject/1
   17 ?        00:00:00 migration/1
   18 ?        00:00:00 ksoftirqd/1
   20 ?        00:00:00 kworker/1:0H-kb
   21 ?        00:00:00 cpuhp/2
   22 ?        00:00:00 idle_inject/2
   23 ?        00:00:00 migration/2
   24 ?        00:00:00 ksoftirqd/2
   26 ?        00:00:00 kworker/2:0H-kb
   27 ?        00:00:00 cpuhp/3
   28 ?        00:00:00 idle_inject/3
   29 ?        00:00:00 migration/3
   30 ?        00:00:00 ksoftirqd/3
   32 ?        00:00:00 kworker/3:0H-kb
   33 ?        00:00:00 kdevtmpfs
   34 ?        00:00:00 netns
   35 ?        00:00:00 rcu_tasks_kthre
   36 ?        00:00:00 kauditd
   37 ?        00:00:00 khungtaskd
   38 ?        00:00:00 oom_reaper
   39 ?        00:00:00 writeback
   40 ?        00:00:00 kcompactd0
   41 ?        00:00:00 ksmd
   42 ?        00:00:00 khugepaged
   43 ?        00:00:00 crypto
   44 ?        00:00:00 kintegrityd
   45 ?        00:00:00 kblockd
   46 ?        00:00:00 kworker/2:1-mm_
   49 ?        00:00:00 tpm_dev_wq
   50 ?        00:00:00 ata_sff
   51 ?        00:00:00 md
   52 ?        00:00:00 edac-poller
   54 ?        00:00:00 devfreq_wq
   55 ?        00:00:00 watchdogd
   58 ?        00:00:00 kswapd0
   59 ?        00:00:00 kworker/u9:0
   60 ?        00:00:00 ecryptfs-kthrea
  149 ?        00:00:00 kthrotld
  150 ?        00:00:00 irq/121-aerdrv
  151 ?        00:00:00 irq/122-aerdrv
  152 ?        00:00:00 irq/123-aerdrv
  153 ?        00:00:00 irq/124-aerdrv
  154 ?        00:00:00 irq/125-aerdrv
  155 ?        00:00:00 irq/126-aerdrv
  156 ?        00:00:00 acpi_thermal_pm
  161 ?        00:00:00 kworker/1:6-eve
  162 ?        00:00:00 kworker/1:7-eve
  165 ?        00:00:00 ipv6_addrconf
  176 ?        00:00:00 kstrp
  195 ?        00:00:00 charger_manager
  249 ?        00:00:00 scsi_eh_0
  250 ?        00:00:00 scsi_tmf_0
  251 ?        00:00:00 scsi_eh_1
  252 ?        00:00:00 scsi_tmf_1
  253 ?        00:00:00 scsi_eh_2
  254 ?        00:00:00 scsi_tmf_2
  255 ?        00:00:00 scsi_eh_3
  256 ?        00:00:00 scsi_tmf_3
  257 ?        00:00:00 scsi_eh_4
  258 ?        00:00:00 scsi_tmf_4
  259 ?        00:00:00 scsi_eh_5
  260 ?        00:00:00 scsi_tmf_5
  262 ?        00:00:00 kworker/u8:4-ev
  263 ?        00:00:00 kworker/u8:5-ev
  264 ?        00:00:00 kworker/u8:6-ev
  266 ?        00:00:00 nv_queue
  267 ?        00:00:00 nv_queue
  268 ?        00:00:00 nvidia-modeset/
  269 ?        00:00:00 nvidia-modeset/
  270 ?        00:00:00 kworker/0:1H-kb
  345 ?        00:00:00 kworker/3:1H-kb
  347 ?        00:00:00 kworker/1:1H-kb
  348 ?        00:00:00 jbd2/sda2-8
  349 ?        00:00:00 ext4-rsv-conver
  351 ?        00:00:00 kworker/2:1H-kb
  389 ?        00:00:00 systemd-journal
  411 ?        00:00:00 systemd-udevd
  420 ?        00:00:00 loop0
  422 ?        00:00:00 kworker/0:2-cgr
  424 ?        00:00:00 loop1
  426 ?        00:00:00 loop2
  428 ?        00:00:00 loop3
  429 ?        00:00:00 loop4
  430 ?        00:00:00 loop5
  452 ?        00:00:00 kworker/3:2-eve
  463 ?        00:00:00 irq/130-mei_me
  486 ?        00:00:00 kworker/3:3-eve
  488 ?        00:00:00 UVM global queu
  489 ?        00:00:00 UVM deferred re
  492 ?        00:00:00 UVM Tools Event
  781 ?        00:00:00 systemd-timesyn
  782 ?        00:00:00 systemd-resolve
  826 ?        00:00:00 accounts-daemon
  828 ?        00:00:00 udisksd
  830 ?        00:00:00 nvidia-persiste
  832 ?        00:00:00 thermald
  833 ?        00:00:00 acpid
  836 ?        00:00:00 rsyslogd
  846 ?        00:00:00 networkd-dispat
  852 ?        00:00:00 systemd-logind
  868 ?        00:00:00 cron
  872 ?        00:00:00 snapd
  874 ?        00:00:00 dbus-daemon
  884 ?        00:00:00 NetworkManager
  886 ?        00:00:00 wpa_supplicant
  889 ?        00:00:00 irqbalance
  892 ?        00:00:00 cupsd
  896 ?        00:00:00 ModemManager
  898 ?        00:00:00 avahi-daemon
  924 ?        00:00:00 avahi-daemon
  925 ?        00:00:00 cups-browsed
  968 ?        00:00:00 polkitd
 1011 ?        00:00:00 lightdm
 1020 ?        00:00:00 unattended-upgr
 1027 tty7     00:00:06 Xorg
 1029 tty1     00:00:00 agetty
 1051 ?        00:00:00 irq/132-nvidia
 1052 ?        00:00:00 nvidia
 1053 ?        00:00:05 nv_queue
 1192 ?        00:00:00 upowerd
 1203 ?        00:00:00 lightdm
 1205 ?        00:00:00 dhclient
 1235 ?        00:00:00 kworker/2:2-eve
 1245 ?        00:00:00 whoopsie
 1253 ?        00:00:00 kerneloops
 1259 ?        00:00:00 kerneloops
 1340 ?        00:00:00 systemd
 1341 ?        00:00:00 (sd-pam)
 1356 ?        00:00:00 gnome-keyring-d
 1360 ?        00:00:00 mate-session
 1553 ?        00:00:00 dbus-daemon
 1683 ?        00:00:00 ssh-agent
 1755 ?        00:00:00 gvfsd
 1760 ?        00:00:00 gvfsd-fuse
 1770 ?        00:00:00 at-spi-bus-laun
 1775 ?        00:00:00 dbus-daemon
 1777 ?        00:00:00 at-spi2-registr
 1779 ?        00:00:00 dconf-service
 1787 ?        00:00:00 mate-settings-d
 1792 ?        00:00:01 marco
 1800 ?        00:00:00 pulseaudio
 1801 ?        00:00:00 rtkit-daemon
 1805 ?        00:00:00 mate-panel
 1809 ?        00:00:04 caja
 1814 ?        00:00:00 wnck-applet
 1816 ?        00:00:00 trashapplet
 1818 ?        00:00:00 brisk-menu
 1822 ?        00:00:00 clock-applet
 1830 ?        00:00:00 mate-indicator-
 1833 ?        00:00:00 notification-ar
 1849 ?        00:00:00 indicator-messa
 1851 ?        00:00:00 gvfsd-trash
 1858 ?        00:00:00 mate-maximus
 1872 ?        00:00:00 update-notifier
 1874 ?        00:00:00 deja-dup-monito
 1875 ?        00:00:00 mate-screensave
 1879 ?        00:00:00 blueman-applet
 1881 ?        00:00:00 polkit-mate-aut
 1882 ?        00:00:00 sh
 1889 ?        00:00:00 pxgsettings
 1894 ?        00:00:00 nm-applet
 1897 ?        00:00:00 applet.py
 1903 ?        00:00:00 mate-power-mana
 1908 ?        00:00:00 indicator-sessi
 1919 ?        00:00:00 indicator-sound
 1920 ?        00:00:00 indicator-power
 1937 ?        00:00:00 gvfsd-metadata
 1959 ?        00:00:00 indicator-appli
 1979 ?        00:00:00 gvfs-udisks2-vo
 1992 ?        00:00:00 gvfs-mtp-volume
 1999 ?        00:00:00 gvfs-goa-volume
 2005 ?        00:00:00 gvfs-gphoto2-vo
 2013 ?        00:00:00 gvfs-afc-volume
 2237 ?        00:00:00 obexd
 2308 ?        00:00:01 geany
 2317 pts/0    00:00:00 bash
 2397 ?        00:00:01 pluma
 2407 ?        00:00:00 kworker/2:0-eve
 2414 ?        00:00:00 gvfsd-network
 2445 ?        00:00:00 gvfsd-dnssd
 2473 ?        00:00:00 kworker/3:0-eve
 2474 ?        00:00:00 kworker/3:1-cgr
 2475 ?        00:00:00 kworker/3:4
 2569 ?        00:00:00 mate-terminal
 2576 pts/1    00:00:00 bash
 2587 ?        00:00:00 kworker/1:0-eve
 2592 pts/1    00:00:00 ps
